[PREINITIALIZATION][CLIENT][INFO] Current loaders after merging: [[preinit]]
[PREINITIALIZATION][CLIENT][INFO] Loading scripts for loader with names [preinit]
[PREINITIALIZATION][CLIENT][INFO] [preinit | SIDE_CLIENT]: Skipping file {[0:crafttweaker]: fluid_tanks.zs} as we are currently loading with a different loader
[PREINITIALIZATION][CLIENT][INFO] [preinit | SIDE_CLIENT]: Skipping file {[0:crafttweaker]: ores_multipliing.zs} as we are currently loading with a different loader
[PREINITIALIZATION][CLIENT][INFO] [preinit | SIDE_CLIENT]: Skipping file {[0:crafttweaker]: recipes.zs} as we are currently loading with a different loader
[PREINITIALIZATION][CLIENT][INFO] Completed script loading in: 4ms
[INITIALIZATION][CLIENT][INFO] CraftTweaker: Building registry
[INITIALIZATION][CLIENT][INFO] CraftTweaker: Successfully built item registry
[INITIALIZATION][CLIENT][INFO] Current loaders after merging: [[preinit], [recipeevent | crafttweaker]]
[INITIALIZATION][CLIENT][INFO] Loading scripts for loader with names [crafttweaker | recipeevent]
[INITIALIZATION][CLIENT][INFO] [crafttweaker | SIDE_CLIENT]: Loading Script: {[0:crafttweaker]: fluid_tanks.zs}
[INITIALIZATION][CLIENT][INFO] Setting localization for the key: tile.fluidtank.blocktank3.silver.name to Aluminium tank
[INITIALIZATION][CLIENT][INFO] Setting localization for the key: tile.fluidtank.blocktank3.silver.name to Алюминиевый резервуар
[INITIALIZATION][CLIENT][WARNING] Recipe name [silver_tank] has duplicate uses, defaulting to calculated hash!
[INITIALIZATION][CLIENT][INFO] [crafttweaker | SIDE_CLIENT]: Loading Script: {[0:crafttweaker]: ores_multipliing.zs}
[INITIALIZATION][CLIENT][INFO] [crafttweaker | SIDE_CLIENT]: Loading Script: {[0:crafttweaker]: recipes.zs}
[INITIALIZATION][CLIENT][INFO] Removing Compressor Recipe: for Output <galacticraftcore:heavy_plating> * 2
[INITIALIZATION][CLIENT][INFO] Removing Compressor Recipe: for Output <galacticraftplanets:item_basic_asteroids:5> * 2
[INITIALIZATION][CLIENT][ERROR] [AstralSorcery Altar Crafting] Using deprecated 'removeAltarRecipe'! Use the new method to remove recipes by their registry-name!
[INITIALIZATION][CLIENT][ERROR] [AstralSorcery Altar Crafting] Enable the F3-Debug screen and hover over the receipe output of an altar recipe to see existing ones!
[INITIALIZATION][CLIENT][INFO] Adding Compressor Recipe: Input 1 <astralsorcery:itemcraftingcomponent:1> Input 2 <astralsorcery:itemcraftingcomponent:1> Input 3 null Input 4 null Input 5 null Input 6 null Input 7 null Input 8 null Input 9 null to Output <galacticraft:compressed_starmetal> * 2
[INITIALIZATION][CLIENT][INFO] Adding Compressor Recipe: Input 1 <galacticraftcore:basic_item:9> Input 2 <galacticraftcore:basic_item:10> Input 3 <galacticraft:compressed_starmetal> Input 4 <galacticraftcore:basic_item:9> Input 5 <galacticraftcore:basic_item:8> Input 6 <galacticraft:compressed_starmetal> Input 7 null Input 8 null Input 9 null to Output <galacticraftcore:heavy_plating> * 2
[INITIALIZATION][CLIENT][INFO] Adding Compressor Recipe: Input 1 <galacticraftplanets:item_basic_mars:3> Input 2 <galacticraftplanets:item_basic_mars:5> Input 3 <mist:niobium_ingot> Input 4 <galacticraftplanets:item_basic_mars:3> Input 5 <galacticraftplanets:item_basic_mars:5> Input 6 <mist:niobium_ingot> Input 7 <mist:niobium_ingot> Input 8 <mist:niobium_ingot> Input 9 null to Output <galacticraftplanets:item_basic_asteroids:5> * 2
[INITIALIZATION][CLIENT][INFO] Adding Compressor Recipe: Input 1 <astralsorcery:blockmarble> Input 2 <astralsorcery:blockmarble> Input 3 <astralsorcery:blockmarble> Input 4 <astralsorcery:blockmarble> Input 5 <astralsorcery:blockmarble> Input 6 <minecraft:coal> Input 7 <astralsorcery:blockmarble> Input 8 <astralsorcery:blockmarble> Input 9 null to Output <astralsorcery:blockblackmarble> * 8
[INITIALIZATION][CLIENT][INFO] Completed script loading in: 1363ms
[INITIALIZATION][CLIENT][INFO] Setting localization for the key: tile.fluidtank.blocktank3.silver.name to Aluminium tank
[INITIALIZATION][CLIENT][INFO] Setting localization for the key: tile.fluidtank.blocktank3.silver.name to Алюминиевый резервуар
[POSTINITIALIZATION][CLIENT][INFO] Removing recipes for various outputs
[POSTINITIALIZATION][CLIENT][INFO] Adding shaped recipe for Медный резервуар with name copper_tank
[POSTINITIALIZATION][CLIENT][INFO] Adding shaped recipe for Оловянный резервуар with name tin_tank
[POSTINITIALIZATION][CLIENT][INFO] Adding shaped recipe for Железный резервуар with name iron_tank
[POSTINITIALIZATION][CLIENT][INFO] Adding shaped recipe for Бронзовый резервуар with name bronze_tank
[POSTINITIALIZATION][CLIENT][INFO] Adding shaped recipe for Свинцовый резервуар with name lead_tank
[POSTINITIALIZATION][CLIENT][INFO] Adding shaped recipe for Алюминиевый резервуар with name silver_tank
[POSTINITIALIZATION][CLIENT][INFO] Adding shaped recipe for Алюминиевый резервуар with name ct_shaped-1859724009
[POSTINITIALIZATION][CLIENT][INFO] Adding shaped recipe for Золотой резервуар with name gold_tank
[POSTINITIALIZATION][CLIENT][INFO] Adding shaped recipe for Алюминиевый провод with name ct_shaped-85291912
[POSTINITIALIZATION][CLIENT][INFO] Adding shaped recipe for Угольный мрамор with name ct_shaped1745690666
[POSTINITIALIZATION][CLIENT][INFO] Adding shaped recipe for Карьер with name ct_shaped-1184112395
[POSTINITIALIZATION][CLIENT][INFO] Adding shaped recipe for Прочный головной обтекатель with name ct_shaped1143343807
[POSTINITIALIZATION][CLIENT][INFO] Adding shaped recipe for Головной обтекатель with name ct_shaped200643699
[POSTINITIALIZATION][CLIENT][INFO] Adding shaped recipe for Кислородный сборщик with name ct_shaped1497137234
[POSTINITIALIZATION][CLIENT][INFO] Adding shaped recipe for Шаблон Улучшения with name ct_shaped156187136
[POSTINITIALIZATION][CLIENT][INFO] Adding shaped recipe for Улучшение Хранилища (V) with name ct_shaped-1194008199
[POSTINITIALIZATION][CLIENT][INFO] Adding shaped recipe for Улучшение Хранилища (IV) with name ct_shaped-2059602790
[POSTINITIALIZATION][CLIENT][INFO] Adding shaped recipe for Улучшение Хранилища (III) with name ct_shaped359879436
[POSTINITIALIZATION][CLIENT][INFO] Adding shaped recipe for Улучшение Хранилища (II) with name ct_shaped1373101692
[POSTINITIALIZATION][CLIENT][INFO] Adding shaped recipe for Улучшение Хранилища (I) with name ct_shaped1394611508
[POSTINITIALIZATION][CLIENT][INFO] Adding shaped recipe for Контроллер Ящика with name ct_shaped1152686083
[POSTINITIALIZATION][CLIENT][INFO] Adding shaped recipe for Сумка Края with name ct_shaped-1615702899
[POSTINITIALIZATION][CLIENT][INFO] Adding shaped recipe for Цистерна Края with name ct_shaped742785875
[POSTINITIALIZATION][CLIENT][INFO] Adding shaped recipe for Сундук Края with name ct_shaped-799729118
[POSTINITIALIZATION][CLIENT][INFO] Adding shaped recipe for Улучшение из золотого в алмазный сундук with name ct_shaped1674092234
[POSTINITIALIZATION][CLIENT][INFO] Adding shaped recipe for Улучшение из железного в золотой Шалкеровый ящик with name ct_shaped2122601716
[POSTINITIALIZATION][CLIENT][INFO] Adding shaped recipe for Улучшение из обычного в железный Шалкеровый ящик with name ct_shaped1121805134
[POSTINITIALIZATION][CLIENT][INFO] Adding shaped recipe for Улучшение из золотого в алмазный сундук with name ct_shaped1572048991
[POSTINITIALIZATION][CLIENT][INFO] Adding shaped recipe for Улучшение из железного в золотой сундук with name ct_shaped-285400494
[POSTINITIALIZATION][CLIENT][INFO] Adding shaped recipe for Улучшение из деревянного в железный сундук with name ct_shaped-2086429048
[POSTINITIALIZATION][CLIENT][INFO] Adding shaped recipe for Распределитель кислородного пузыря with name ct_shaped338115730
[POSTINITIALIZATION][CLIENT][INFO] Adding shaped recipe for Толстый алюминиевый провод with name ct_shaped-1453836149
[POSTINITIALIZATION][CLIENT][INFO] Adding shapeless recipe for Метка with name ct_shapeless1772244750
[AVAILABLE][CLIENT][INFO] Fixed the RecipeBook
